<?xml version="1.0" encoding="UTF-8"?>
<!-- Generated by org.testng.reporters.JUnitReportReporter -->
<testsuite hostname="LAPTOP-PG9U9RD9" failures="0" tests="1" name="api_test.SimplePutTest" time="0.361" errors="0" timestamp="2021-08-20T02:02:49 EDT" skipped="0">
  <testcase classname="api_test.SimplePutTest" name="updateUserFields" time="0.361"/>
  <system-out/>
</testsuite> <!-- api_test.SimplePutTest -->
