<?xml version="1.0" encoding="UTF-8"?>
<!-- Generated by org.testng.reporters.JUnitReportReporter -->
<testsuite hostname="LAPTOP-PG9U9RD9" failures="0" tests="2" name="api_test.GetTestWithPathVariable" time="1.650" errors="0" timestamp="2021-08-11T22:11:09 EDT" skipped="0">
  <testcase classname="api_test.GetTestWithPathVariable" name="getSingleUser" time="0.532"/>
  <system-out/>
  <testcase classname="api_test.GetTestWithPathVariable" name="attemptToGetUserWithInvalidId" time="1.118"/>
  <system-out/>
</testsuite> <!-- api_test.GetTestWithPathVariable -->
