<?xml version="1.0" encoding="UTF-8"?>
<!-- Generated by org.testng.reporters.JUnitReportReporter -->
<testsuite hostname="LAPTOP-PG9U9RD9" failures="0" tests="1" name="api_test.SimpleGetTest" time="0.100" errors="0" timestamp="2021-08-11T22:11:09 EDT" skipped="0">
  <testcase classname="api_test.SimpleGetTest" name="getALLUsers" time="0.100"/>
  <system-out/>
</testsuite> <!-- api_test.SimpleGetTest -->
