<?xml version="1.0" encoding="UTF-8"?>
<!-- Generated by org.testng.reporters.JUnitReportReporter -->
<testsuite hostname="LAPTOP-PG9U9RD9" failures="0" tests="2" name="api_test.GetTestWithPathVariable" time="2.192" errors="0" timestamp="2021-08-20T02:02:49 EDT" skipped="0">
  <testcase classname="api_test.GetTestWithPathVariable" name="getSingleUser" time="0.486"/>
  <system-out/>
  <testcase classname="api_test.GetTestWithPathVariable" name="attemptToGetUserWithInvalidId" time="1.706"/>
  <system-out/>
</testsuite> <!-- api_test.GetTestWithPathVariable -->
