<?xml version="1.0" encoding="UTF-8"?>
<!-- Generated by org.testng.reporters.JUnitReportReporter -->
<testsuite hostname="LAPTOP-PG9U9RD9" failures="0" tests="1" name="api_test.SimplePatchTest" time="0.385" errors="0" timestamp="2021-08-11T22:11:09 EDT" skipped="0">
  <testcase classname="api_test.SimplePatchTest" name="updateUserSingleField" time="0.385"/>
  <system-out/>
</testsuite> <!-- api_test.SimplePatchTest -->
