<?xml version="1.0" encoding="UTF-8"?>
<!-- Generated by org.testng.reporters.JUnitReportReporter -->
<testsuite hostname="LAPTOP-PG9U9RD9" failures="0" tests="1" name="automation_test.php_travel.ValidatePHPTravelWebTitle" time="2.499" errors="0" timestamp="2021-08-11T22:11:09 EDT" skipped="0">
  <testcase classname="automation_test.php_travel.ValidatePHPTravelWebTitle" name="verifyHomePageTitle" time="2.499"/>
  <system-out/>
</testsuite> <!-- automation_test.php_travel.ValidatePHPTravelWebTitle -->
